#
# A fatal error has been detected by the Java Runtime Environment:
#
#  EXCEPTION_ACCESS_VIOLATION (0xc0000005) at pc=0x6d156e8b, pid=17616, tid=0x00003de8
#
# JRE version: Java(TM) SE Runtime Environment (8.0_144-b01) (build 1.8.0_144-b01)
# Java VM: Java HotSpot(TM) Client VM (25.144-b01 mixed mode windows-x86 )
# Problematic frame:
# V  [jvm.dll+0xd6e8b]
#
# Failed to write core dump. Minidumps are not enabled by default on client versions of Windows
#
# If you would like to submit a bug report, please visit:
#   http://bugreport.java.com/bugreport/crash.jsp
#

---------------  T H R E A D  ---------------

Current thread (0x020bdc00):  JavaThread "main" [_thread_in_vm, id=15848, stack(0x01f20000,0x01f70000)]

siginfo: ExceptionCode=0xc0000005, reading address 0x00000000

Registers:
EAX=0x00000000, EBX=0x020bdc00, ECX=0x00000000, EDX=0x00000001
ESP=0x01f6daac, EBP=0x01f6dac8, ESI=0x020bdd40, EDI=0x00000000
EIP=0x6d156e8b, EFLAGS=0x00010246

Top of Stack: (sp=0x01f6daac)
0x01f6daac:   00000000 020bdd40 15039c80 020bdc00
0x01f6dabc:   00000000 020bdd40 15039c80 01f6db18
0x01f6dacc:   14e68f4a 020bdd40 00000000 020b0079
0x01f6dadc:   15039c80 01f6db18 14e68f1c 00000001
0x01f6daec:   0000000f ffff0049 01f6db18 14e68ef8
0x01f6dafc:   020bdd40 00000001 0000000f 020bdc00
0x01f6db0c:   144a6a80 144a6a80 020bdd40 01f6db60
0x01f6db1c:   020cd3d3 020bdd40 01f6db80 1761f368 

Instructions: (pc=0x6d156e8b)
0x6d156e6b:   f3 ff 83 c4 08 83 7b 04 00 89 5d f0 c7 45 f4 00
0x6d156e7b:   00 00 00 74 08 8d 4d f0 e8 88 13 0d 00 8b 45 0c
0x6d156e8b:   8b 08 8b 51 04 8b 42 38 50 56 e8 e6 4f 08 00 83
0x6d156e9b:   c4 08 83 7d f4 00 89 45 08 74 08 8d 4d f0 e8 a2 


Register to memory mapping:

EAX=0x00000000 is an unknown value
EBX=0x020bdc00 is a thread
ECX=0x00000000 is an unknown value
EDX=0x00000001 is an unknown value
ESP=0x01f6daac is pointing into the stack for thread: 0x020bdc00
EBP=0x01f6dac8 is pointing into the stack for thread: 0x020bdc00
ESI=0x020bdd40 is an unknown value
EDI=0x00000000 is an unknown value


Stack: [0x01f20000,0x01f70000],  sp=0x01f6daac,  free space=310k
Native frames: (J=compiled Java code, j=interpreted, Vv=VM code, C=native code)
V  [jvm.dll+0xd6e8b]
C  [bwapi_bridge2_5.dll+0x38f4a]
j  bwapi.Unit.build_native(JLbwapi/UnitType;Lbwapi/TilePosition;)Z+0
j  bwapi.Unit.build(Lbwapi/UnitType;Lbwapi/TilePosition;)Z+7
j  Worker.Build(Lbwapi/UnitType;)V+21
j  ConstructionManager.TryConstruct()V+120
j  Main.onFrame()V+4
j  bwapi.AIModule.onFrame()V+11
v  ~StubRoutines::call_stub
V  [jvm.dll+0x15af45]
V  [jvm.dll+0x2213ae]
V  [jvm.dll+0x15afde]
V  [jvm.dll+0xdcdcb]
V  [jvm.dll+0xdfd5c]
C  [bwapi_bridge2_5.dll+0x1b20d]
C  [bwapi_bridge2_5.dll+0x75101]
j  bwapi.Mirror.startGame()V+0
j  Main.run()V+15
j  Main.main([Ljava/lang/String;)V+7
v  ~StubRoutines::call_stub
V  [jvm.dll+0x15af45]
V  [jvm.dll+0x2213ae]
V  [jvm.dll+0x15afde]
V  [jvm.dll+0xdcb97]
V  [jvm.dll+0xe512f]
C  [javaw.exe+0x22ab]
C  [javaw.exe+0xaebf]
C  [javaw.exe+0xaf49]
C  [KERNEL32.DLL+0x162c4]
C  [ntdll.dll+0x60f79]
C  [ntdll.dll+0x60f44]
C  0x00000000

Java frames: (J=compiled Java code, j=interpreted, Vv=VM code)
j  bwapi.Unit.build_native(JLbwapi/UnitType;Lbwapi/TilePosition;)Z+0
j  bwapi.Unit.build(Lbwapi/UnitType;Lbwapi/TilePosition;)Z+7
j  Worker.Build(Lbwapi/UnitType;)V+21
j  ConstructionManager.TryConstruct()V+120
j  Main.onFrame()V+4
j  bwapi.AIModule.onFrame()V+11
v  ~StubRoutines::call_stub
j  bwapi.Mirror.startGame()V+0
j  Main.run()V+15
j  Main.main([Ljava/lang/String;)V+7
v  ~StubRoutines::call_stub

---------------  P R O C E S S  ---------------

Java Threads: ( => current thread )
  0x1470b400 JavaThread "Service Thread" daemon [_thread_blocked, id=24040, stack(0x14d50000,0x14da0000)]
  0x146ea400 JavaThread "C1 CompilerThread0" daemon [_thread_blocked, id=15100, stack(0x14cc0000,0x14d10000)]
  0x146e9000 JavaThread "Attach Listener" daemon [_thread_blocked, id=8808, stack(0x14c30000,0x14c80000)]
  0x146e7400 JavaThread "Signal Dispatcher" daemon [_thread_blocked, id=18956, stack(0x14ba0000,0x14bf0000)]
  0x146dbc00 JavaThread "Finalizer" daemon [_thread_blocked, id=23616, stack(0x14a20000,0x14a70000)]
  0x146c5c00 JavaThread "Reference Handler" daemon [_thread_blocked, id=9776, stack(0x14990000,0x149e0000)]
=>0x020bdc00 JavaThread "main" [_thread_in_vm, id=15848, stack(0x01f20000,0x01f70000)]

Other Threads:
  0x146c0400 VMThread [stack: 0x14900000,0x14950000] [id=14252]
  0x14727000 WatcherThread [stack: 0x14de0000,0x14e30000] [id=10924]

VM state:not at safepoint (normal execution)

VM Mutex/Monitor currently owned by a thread: None

Heap:
 def new generation   total 4928K, used 3024K [0x04200000, 0x04750000, 0x09750000)
  eden space 4416K,  68% used [0x04200000, 0x044f4020, 0x04650000)
  from space 512K,   0% used [0x04650000, 0x04650000, 0x046d0000)
  to   space 512K,   0% used [0x046d0000, 0x046d0000, 0x04750000)
 tenured generation   total 10944K, used 0K [0x09750000, 0x0a200000, 0x14200000)
   the space 10944K,   0% used [0x09750000, 0x09750000, 0x09750200, 0x0a200000)
 Metaspace       used 2065K, capacity 2600K, committed 2624K, reserved 4480K

Card table byte_map: [0x04140000,0x041d0000] byte_map_base: 0x0411f000

Polling page: 0x00930000

CodeCache: size=32768Kb used=771Kb max_used=771Kb free=31996Kb
 bounds [0x020c0000, 0x02188000, 0x040c0000]
 total_blobs=223 nmethods=78 adapters=76
 compilation: enabled

Compilation events (10 events):
Event: 7.737 Thread 0x146ea400   73             bwapi.AbstractPoint::<init> (5 bytes)
Event: 7.737 Thread 0x146ea400 nmethod 73 0x0217e588 code [0x0217e680, 0x0217e700]
Event: 7.742 Thread 0x146ea400   74             bwapi.TilePosition::<init> (15 bytes)
Event: 7.742 Thread 0x146ea400 nmethod 74 0x0217e748 code [0x0217e840, 0x0217e8c0]
Event: 7.742 Thread 0x146ea400   75             bwapi.TilePosition::getY (5 bytes)
Event: 7.742 Thread 0x146ea400 nmethod 75 0x0217e908 code [0x0217ea00, 0x0217ea80]
Event: 7.743 Thread 0x146ea400   76             bwapi.Game::canBuildHere (14 bytes)
Event: 7.743 Thread 0x146ea400 nmethod 76 0x0217edc8 code [0x0217eec0, 0x0217ef7c]
Event: 7.769 Thread 0x146ea400   78 %           Worker::getBuildTile @ 145 (431 bytes)
Event: 7.771 Thread 0x146ea400 nmethod 78% 0x0217f008 code [0x0217f2d0, 0x0217fe70]

GC Heap History (0 events):
No events

Deoptimization events (0 events):
No events

Internal exceptions (2 events):
Event: 0.024 Thread 0x020bdc00 Exception <a 'java/lang/NoSuchMethodError': Method sun.misc.Unsafe.defineClass(Ljava/lang/String;[BII)Ljava/lang/Class; name or signature does not match> (0x04206e98) thrown at [C:\workspace\8-2-build-windows-i586-cygwin\jdk8u144\9417\hotspot\src\share\vm
Event: 0.024 Thread 0x020bdc00 Exception <a 'java/lang/NoSuchMethodError': Method sun.misc.Unsafe.prefetchRead(Ljava/lang/Object;J)V name or signature does not match> (0x04207168) thrown at [C:\workspace\8-2-build-windows-i586-cygwin\jdk8u144\9417\hotspot\src\share\vm\prims\jni.cpp, li

Events (10 events):
Event: 3.681 loading class bwapi/CenteredObject
Event: 3.681 loading class bwapi/CenteredObject done
Event: 3.681 loading class bwta/Polygon
Event: 3.681 loading class bwta/Polygon done
Event: 3.689 loading class Worker
Event: 3.689 loading class Worker done
Event: 4.090 Executing VM operation: EnableBiasedLocking
Event: 4.090 Executing VM operation: EnableBiasedLocking done
Event: 7.735 loading class bwapi/TilePosition
Event: 7.735 loading class bwapi/TilePosition done


Dynamic libraries:
0x00280000 - 0x002b3000 	C:\Program Files (x86)\Java\jre1.8.0_144\bin\javaw.exe
0x77740000 - 0x778c3000 	C:\Windows\SYSTEM32\ntdll.dll
0x775b0000 - 0x77690000 	C:\Windows\System32\KERNEL32.DLL
0x74710000 - 0x748b1000 	C:\Windows\System32\KERNELBASE.dll
0x776c0000 - 0x77737000 	C:\Windows\System32\ADVAPI32.dll
0x76ad0000 - 0x76b8e000 	C:\Windows\System32\msvcrt.dll
0x75130000 - 0x75171000 	C:\Windows\System32\sechost.dll
0x75490000 - 0x75551000 	C:\Windows\System32\RPCRT4.dll
0x74200000 - 0x7421f000 	C:\Windows\System32\SspiCli.dll
0x741f0000 - 0x741fa000 	C:\Windows\System32\CRYPTBASE.dll
0x772d0000 - 0x7732a000 	C:\Windows\System32\bcryptPrimitives.dll
0x748c0000 - 0x74a1f000 	C:\Windows\System32\USER32.dll
0x74280000 - 0x74295000 	C:\Windows\System32\win32u.dll
0x772a0000 - 0x772cb000 	C:\Windows\System32\GDI32.dll
0x75180000 - 0x752da000 	C:\Windows\System32\gdi32full.dll
0x70530000 - 0x7073a000 	C:\Windows\WinSxS\x86_microsoft.windows.common-controls_6595b64144ccf1df_6.0.14393.953_none_89c2555adb023171\COMCTL32.dll
0x744f0000 - 0x74701000 	C:\Windows\System32\combase.dll
0x77340000 - 0x77420000 	C:\Windows\System32\ucrtbase.dll
0x77690000 - 0x776b5000 	C:\Windows\System32\IMM32.DLL
0x78430000 - 0x784ef000 	C:\Program Files (x86)\Java\jre1.8.0_144\bin\msvcr100.dll
0x6d080000 - 0x6d44e000 	C:\Program Files (x86)\Java\jre1.8.0_144\bin\client\jvm.dll
0x77330000 - 0x77336000 	C:\Windows\System32\PSAPI.DLL
0x73580000 - 0x73588000 	C:\Windows\SYSTEM32\WSOCK32.dll
0x74090000 - 0x74098000 	C:\Windows\SYSTEM32\VERSION.dll
0x716a0000 - 0x716c4000 	C:\Windows\SYSTEM32\WINMM.dll
0x76940000 - 0x769a3000 	C:\Windows\System32\WS2_32.dll
0x00900000 - 0x00923000 	C:\Windows\SYSTEM32\WINMMBASE.dll
0x769b0000 - 0x769e6000 	C:\Windows\System32\cfgmgr32.dll
0x64a60000 - 0x64a6c000 	C:\Program Files (x86)\Java\jre1.8.0_144\bin\verify.dll
0x64a30000 - 0x64a51000 	C:\Program Files (x86)\Java\jre1.8.0_144\bin\java.dll
0x649c0000 - 0x649d3000 	C:\Program Files (x86)\Java\jre1.8.0_144\bin\zip.dll
0x75560000 - 0x76938000 	C:\Windows\System32\SHELL32.dll
0x74ba0000 - 0x7510e000 	C:\Windows\System32\windows.storage.dll
0x769f0000 - 0x76a35000 	C:\Windows\System32\powrprof.dll
0x76fa0000 - 0x76fe6000 	C:\Windows\System32\shlwapi.dll
0x742a0000 - 0x742ad000 	C:\Windows\System32\kernel.appcore.dll
0x76a40000 - 0x76ac8000 	C:\Windows\System32\shcore.dll
0x775a0000 - 0x775af000 	C:\Windows\System32\profapi.dll
0x14e30000 - 0x150b6000 	C:\Program Files (x86)\Java\jre1.8.0_144\bin\bwapi_bridge2_5.dll
0x6acc0000 - 0x6ad27000 	C:\Program Files (x86)\Java\jre1.8.0_144\bin\libgmp-10.dll
0x6f540000 - 0x6f59e000 	C:\Program Files (x86)\Java\jre1.8.0_144\bin\libmpfr-4.dll
0x150c0000 - 0x151ae000 	C:\Program Files (x86)\Java\jre1.8.0_144\bin\MSVCR120.dll
0x52ab0000 - 0x52b21000 	C:\Program Files (x86)\Java\jre1.8.0_144\bin\MSVCP120.dll
0x6d940000 - 0x6da85000 	C:\Windows\SYSTEM32\dbghelp.dll

VM Arguments:
jvm_args: -Dfile.encoding=Cp1252 
java_command: Main
java_class_path (initial): C:\Program Files (x86)\Java\jre1.8.0_144\lib\resources.jar;C:\Program Files (x86)\Java\jre1.8.0_144\lib\rt.jar;C:\Program Files (x86)\Java\jre1.8.0_144\lib\jsse.jar;C:\Program Files (x86)\Java\jre1.8.0_144\lib\jce.jar;C:\Program Files (x86)\Java\jre1.8.0_144\lib\charsets.jar;C:\Program Files (x86)\Java\jre1.8.0_144\lib\jfr.jar;C:\Program Files (x86)\Java\jre1.8.0_144\lib\ext\access-bridge-32.jar;C:\Program Files (x86)\Java\jre1.8.0_144\lib\ext\cldrdata.jar;C:\Program Files (x86)\Java\jre1.8.0_144\lib\ext\dnsns.jar;C:\Program Files (x86)\Java\jre1.8.0_144\lib\ext\jaccess.jar;C:\Program Files (x86)\Java\jre1.8.0_144\lib\ext\jfxrt.jar;C:\Program Files (x86)\Java\jre1.8.0_144\lib\ext\localedata.jar;C:\Program Files (x86)\Java\jre1.8.0_144\lib\ext\nashorn.jar;C:\Program Files (x86)\Java\jre1.8.0_144\lib\ext\sunec.jar;C:\Program Files (x86)\Java\jre1.8.0_144\lib\ext\sunjce_provider.jar;C:\Program Files (x86)\Java\jre1.8.0_144\lib\ext\sunmscapi.jar;C:\Program Files (x86)\Java\jre1.8.0_144\lib\ext\sunpkcs11.jar;C:\Program Files (x86)\Java\jre1.8.0_144\lib\ext\zipfs.jar;C:\Users\nathanmoosh\Desktop\ProtossBot\bin;C:\Users\nathanmoosh\Desktop\ProtossBot\lib\bwmirror_v2_5.jar
Launcher Type: SUN_STANDARD

Environment Variables:
CLASSPATH=C:\Program Files\Java\libs
USERNAME=nathanmoosh
OS=Windows_NT
PROCESSOR_IDENTIFIER=Intel64 Family 6 Model 158 Stepping 9, GenuineIntel



---------------  S Y S T E M  ---------------

OS: Windows 10.0 , 64 bit Build 14393 (10.0.14393.1198)

CPU:total 8 (initial active 8) (4 cores per cpu, 2 threads per core) family 6 model 158 stepping 9, cmov, cx8, fxsr, mmx, sse, sse2, sse3, ssse3, sse4.1, sse4.2, popcnt, avx, avx2, aes, clmul, erms, 3dnowpref, lzcnt, ht, tsc, tscinvbit, bmi1, bmi2, adx

Memory: 4k page, physical 12534664k(5322688k free), swap 24599856k(11327664k free)

vm_info: Java HotSpot(TM) Client VM (25.144-b01) for windows-x86 JRE (1.8.0_144-b01), built on Jul 21 2017 21:58:05 by "java_re" with MS VC++ 10.0 (VS2010)

time: Sun Dec 10 05:08:15 2017
elapsed time: 7 seconds (0d 0h 0m 7s)

